<?xml version="1.0" encoding="UTF-8"?>
<!-- Generated by org.testng.reporters.JUnitReportReporter -->
<testsuite skipped="0" hostname="DESKTOP-B2H6JUI" name="com.tuts.MouseActionTest.ContextClickExample" tests="1" failures="0" timestamp="2019-11-23T22:29:13 IST" time="9.980" errors="0">
  <testcase name="mouseHoverTest" time="9.980" classname="com.tuts.MouseActionTest.ContextClickExample"/>
</testsuite> <!-- com.tuts.MouseActionTest.ContextClickExample -->
