<?xml version="1.0" encoding="UTF-8"?>
<!-- Generated by org.testng.reporters.JUnitReportReporter -->
<testsuite skipped="0" hostname="DESKTOP-B2H6JUI" name="com.tuts.sampleTest.TestBrowserOpen" tests="1" failures="0" timestamp="2019-11-22T19:32:39 IST" time="8.144" errors="0">
  <testcase name="openBrowserTest" time="8.144" classname="com.tuts.sampleTest.TestBrowserOpen"/>
</testsuite> <!-- com.tuts.sampleTest.TestBrowserOpen -->
