<?xml version="1.0" encoding="UTF-8"?>
<!-- Generated by org.testng.reporters.JUnitReportReporter -->
<testsuite skipped="0" hostname="DESKTOP-B2H6JUI" name="com.tuts.webTableTest.WebTableTesting" tests="1" failures="0" timestamp="2019-11-24T17:56:23 IST" time="10.858" errors="0">
  <testcase name="webTableTesting" time="10.858" classname="com.tuts.webTableTest.WebTableTesting"/>
</testsuite> <!-- com.tuts.webTableTest.WebTableTesting -->
