<?xml version="1.0" encoding="UTF-8"?>
<!-- Generated by org.testng.reporters.JUnitReportReporter -->
<testsuite skipped="0" hostname="DESKTOP-B2H6JUI" name="com.tuts.waitTest.ImplicitWaitExample" tests="1" failures="0" timestamp="2019-11-23T20:16:38 IST" time="6.075" errors="0">
  <testcase name="implicitWaitTestForFlipKart" time="6.075" classname="com.tuts.waitTest.ImplicitWaitExample"/>
</testsuite> <!-- com.tuts.waitTest.ImplicitWaitExample -->
