<?xml version="1.0" encoding="UTF-8"?>
<!-- Generated by org.testng.reporters.JUnitReportReporter -->
<testsuite skipped="0" hostname="DESKTOP-B2H6JUI" name="com.tuts.waitTest.ExplicitWaitExample" tests="1" failures="0" timestamp="2019-11-23T20:20:35 IST" time="60.776" errors="0">
  <testcase name="openBrowserTest" time="60.776" classname="com.tuts.waitTest.ExplicitWaitExample"/>
</testsuite> <!-- com.tuts.waitTest.ExplicitWaitExample -->
