<?xml version="1.0" encoding="UTF-8"?>
<!-- Generated by org.testng.reporters.JUnitReportReporter -->
<testsuite skipped="0" hostname="DESKTOP-B2H6JUI" name="ExcelOperation.DataWriteInToExcel" tests="1" failures="0" timestamp="2019-11-30T23:56:57 IST" time="9.314" errors="0">
  <testcase name="writeIntoExcel" time="9.314" classname="ExcelOperation.DataWriteInToExcel"/>
</testsuite> <!-- ExcelOperation.DataWriteInToExcel -->
