<?xml version="1.0" encoding="UTF-8"?>
<!-- Generated by org.testng.reporters.JUnitReportReporter -->
<testsuite skipped="0" hostname="DESKTOP-B2H6JUI" name="com.tuts.MouseActionTest.MouseActionTest" tests="1" failures="0" timestamp="2019-11-23T08:32:23 IST" time="8.102" errors="0">
  <testcase name="openBrowserTest" time="8.102" classname="com.tuts.MouseActionTest.MouseActionTest"/>
</testsuite> <!-- com.tuts.MouseActionTest.MouseActionTest -->
