<?xml version="1.0" encoding="UTF-8"?>
<!-- Generated by org.testng.reporters.JUnitReportReporter -->
<testsuite skipped="0" hostname="DESKTOP-B2H6JUI" name="com.tuts.waitTest.TestPayTMMall" tests="1" failures="0" timestamp="2019-11-22T19:36:56 IST" time="61.761" errors="0">
  <testcase name="openBrowserTest" time="61.761" classname="com.tuts.waitTest.TestPayTMMall"/>
</testsuite> <!-- com.tuts.waitTest.TestPayTMMall -->
