<?xml version="1.0" encoding="UTF-8"?>
<!-- Generated by org.testng.reporters.JUnitReportReporter -->
<testsuite skipped="0" hostname="DESKTOP-B2H6JUI" name="com.tuts.MouseActionTest.AmazonSelectMirrorLessCamera" tests="1" failures="0" timestamp="2019-11-23T14:41:42 IST" time="6.408" errors="0">
  <testcase name="selectMirrorLessCamera" time="6.408" classname="com.tuts.MouseActionTest.AmazonSelectMirrorLessCamera"/>
</testsuite> <!-- com.tuts.MouseActionTest.AmazonSelectMirrorLessCamera -->
