<?xml version="1.0" encoding="UTF-8"?>
<!-- Generated by org.testng.reporters.JUnitReportReporter -->
<testsuite skipped="0" hostname="DESKTOP-B2H6JUI" name="com.tuts.webTableTest.TestingOFSameXpath" tests="1" failures="0" timestamp="2019-11-24T19:33:36 IST" time="10.101" errors="0">
  <testcase name="webTableTesting" time="10.101" classname="com.tuts.webTableTest.TestingOFSameXpath"/>
</testsuite> <!-- com.tuts.webTableTest.TestingOFSameXpath -->
