<?xml version="1.0" encoding="UTF-8"?>
<!-- Generated by org.testng.reporters.JUnitReportReporter -->
<testsuite skipped="0" hostname="DESKTOP-B2H6JUI" name="com.tuts.MouseActionTest.FlipKartMiMouseActionTest" tests="1" failures="0" timestamp="2019-11-23T22:11:33 IST" time="18.558" errors="0">
  <testcase name="mouseHoverTest" time="18.558" classname="com.tuts.MouseActionTest.FlipKartMiMouseActionTest"/>
</testsuite> <!-- com.tuts.MouseActionTest.FlipKartMiMouseActionTest -->
